2025-09-23 11:59:00 | INFO | repo=2017-course-sys-int-activemq-seminar | action=pull
2025-06-18 09:39:00 | WARN | repo=2017-course-sys-int-activemq-seminar | action=commit
2025-02-22 21:48:00 | INFO | repo=2017-course-sys-int-activemq-seminar | action=test | passed=true
2025-03-04 19:30:00 | WARN | repo=2017-course-sys-int-activemq-seminar | action=commit
2025-04-04 19:25:00 | WARN | repo=2017-course-sys-int-activemq-seminar | action=pull
2025-07-19 17:23:00 | INFO | repo=2017-course-sys-int-activemq-seminar | action=test | passed=true
2025-07-24 21:22:00 | INFO | repo=2017-course-sys-int-activemq-seminar | action=commit
2025-08-28 19:15:00 | DEBUG | repo=2017-course-sys-int-activemq-seminar | action=commit
2025-09-03 12:29:00 | DEBUG | repo=2017-course-sys-int-activemq-seminar | action=commit
2025-04-27 20:30:00 | INFO | repo=2017-course-sys-int-activemq-seminar | action=test | passed=true
2025-08-20 11:28:00 | WARN | repo=2017-course-sys-int-activemq-seminar | action=commit
2025-06-21 10:15:00 | DEBUG | repo=2017-course-sys-int-activemq-seminar | action=commit
2025-06-13 11:39:00 | INFO | repo=2017-course-sys-int-activemq-seminar | action=commit
2025-02-28 11:29:00 | WARN | repo=2017-course-sys-int-activemq-seminar | action=commit
2025-12-13 20:37:00 | DEBUG | repo=2017-course-sys-int-activemq-seminar | action=commit
2025-05-24 08:46:00 | DEBUG | repo=2017-course-sys-int-activemq-seminar | action=commit
2025-10-07 09:12:00 | INFO | repo=2017-course-sys-int-activemq-seminar | action=commit
2025-11-19 14:22:00 | INFO | repo=2017-course-sys-int-activemq-seminar | action=test | passed=true
2025-03-17 19:56:00 | INFO | repo=2017-course-sys-int-activemq-seminar | action=pull
2025-10-21 12:12:00 | DEBUG | repo=2017-course-sys-int-activemq-seminar | action=commit
2025-10-17 08:18:00 | DEBUG | repo=2017-course-sys-int-activemq-seminar | action=commit
2025-09-18 13:39:00 | INFO | repo=2017-course-sys-int-activemq-seminar | action=commit
2025-02-11 11:46:00 | DEBUG | repo=2017-course-sys-int-activemq-seminar | action=test | passed=true
2025-08-16 09:07:00 | WARN | repo=2017-course-sys-int-activemq-seminar | action=test | passed=true
2025-05-12 09:12:00 | WARN | repo=2017-course-sys-int-activemq-seminar | action=commit
2025-11-02 12:45:00 | WARN | repo=2017-course-sys-int-activemq-seminar | action=commit
2025-11-06 19:23:00 | DEBUG | repo=2017-course-sys-int-activemq-seminar | action=test | passed=true
2025-10-20 19:40:00 | WARN | repo=2017-course-sys-int-activemq-seminar | action=commit
2025-08-01 21:55:00 | WARN | repo=2017-course-sys-int-activemq-seminar | action=commit
2025-11-28 08:19:00 | DEBUG | repo=2017-course-sys-int-activemq-seminar | action=pull
2025-03-13 08:59:00 | INFO | repo=2017-course-sys-int-activemq-seminar | action=commit
2025-10-23 13:29:00 | INFO | repo=2017-course-sys-int-activemq-seminar | action=edit | files=5
2025-11-20 19:51:00 | WARN | repo=2017-course-sys-int-activemq-seminar | action=commit
2025-01-21 11:59:00 | WARN | repo=2017-course-sys-int-activemq-seminar | action=commit
2025-09-27 10:25:00 | INFO | repo=2017-course-sys-int-activemq-seminar | action=pull
2025-08-19 17:26:00 | INFO | repo=2017-course-sys-int-activemq-seminar | action=test | passed=true
2025-06-01 14:45:00 | DEBUG | repo=2017-course-sys-int-activemq-seminar | action=edit | files=4
2025-03-24 14:09:00 | INFO | repo=2017-course-sys-int-activemq-seminar | action=commit
2025-11-19 11:57:00 | INFO | repo=2017-course-sys-int-activemq-seminar | action=commit
2025-01-02 18:05:00 | DEBUG | repo=2017-course-sys-int-activemq-seminar | action=commit
2025-05-02 18:21:00 | INFO | repo=2017-course-sys-int-activemq-seminar | action=commit
2025-02-12 12:06:00 | WARN | repo=2017-course-sys-int-activemq-seminar | action=commit
2025-02-05 10:32:00 | DEBUG | repo=2017-course-sys-int-activemq-seminar | action=pull
2025-08-11 21:54:00 | INFO | repo=2017-course-sys-int-activemq-seminar | action=edit | files=3
2025-11-11 18:36:00 | INFO | repo=2017-course-sys-int-activemq-seminar | action=test | passed=true
2025-02-16 11:39:00 | INFO | repo=2017-course-sys-int-activemq-seminar | action=commit
2025-06-28 14:30:00 | WARN | repo=2017-course-sys-int-activemq-seminar | action=test | passed=true
2025-04-06 09:08:00 | WARN | repo=2017-course-sys-int-activemq-seminar | action=commit
2025-08-01 21:25:00 | WARN | repo=2017-course-sys-int-activemq-seminar | action=commit
2025-02-24 07:17:00 | INFO | repo=2017-course-sys-int-activemq-seminar | action=commit
2025-11-28 11:31:00 | DEBUG | repo=2017-course-sys-int-activemq-seminar | action=commit
2025-02-01 15:31:00 | INFO | repo=2017-course-sys-int-activemq-seminar | action=commit
2025-10-28 21:44:00 | WARN | repo=2017-course-sys-int-activemq-seminar | action=edit | files=1
2025-02-02 15:08:00 | INFO | repo=2017-course-sys-int-activemq-seminar | action=commit
2025-10-12 21:06:00 | WARN | repo=2017-course-sys-int-activemq-seminar | action=commit
2025-02-04 18:27:00 | WARN | repo=2017-course-sys-int-activemq-seminar | action=commit
2025-04-11 11:51:00 | DEBUG | repo=2017-course-sys-int-activemq-seminar | action=commit
2025-02-18 07:15:00 | WARN | repo=2017-course-sys-int-activemq-seminar | action=commit
2025-08-23 19:07:00 | WARN | repo=2017-course-sys-int-activemq-seminar | action=commit
2025-01-18 18:17:00 | DEBUG | repo=2017-course-sys-int-activemq-seminar | action=commit
2025-07-08 20:51:00 | WARN | repo=2017-course-sys-int-activemq-seminar | action=commit
2025-05-04 07:19:00 | DEBUG | repo=2017-course-sys-int-activemq-seminar | action=commit
2025-04-08 21:40:00 | WARN | repo=2017-course-sys-int-activemq-seminar | action=commit
2025-05-21 20:07:00 | DEBUG | repo=2017-course-sys-int-activemq-seminar | action=pull
2025-04-06 07:22:00 | INFO | repo=2017-course-sys-int-activemq-seminar | action=pull
2025-04-09 19:07:00 | WARN | repo=2017-course-sys-int-activemq-seminar | action=commit
2025-10-22 07:47:00 | WARN | repo=2017-course-sys-int-activemq-seminar | action=commit
2025-04-04 15:58:00 | DEBUG | repo=2017-course-sys-int-activemq-seminar | action=pull
2025-05-24 20:43:00 | INFO | repo=2017-course-sys-int-activemq-seminar | action=pull
2025-10-24 08:35:00 | INFO | repo=2017-course-sys-int-activemq-seminar | action=commit
2025-08-21 08:48:00 | DEBUG | repo=2017-course-sys-int-activemq-seminar | action=commit
2025-04-14 08:36:00 | INFO | repo=2017-course-sys-int-activemq-seminar | action=test | passed=true
2025-05-19 17:27:00 | INFO | repo=2017-course-sys-int-activemq-seminar | action=commit
2025-02-20 07:45:00 | INFO | repo=2017-course-sys-int-activemq-seminar | action=edit | files=3
2025-05-10 14:16:00 | DEBUG | repo=2017-course-sys-int-activemq-seminar | action=test | passed=true
2025-07-07 21:57:00 | WARN | repo=2017-course-sys-int-activemq-seminar | action=commit
2025-04-10 13:20:00 | DEBUG | repo=2017-course-sys-int-activemq-seminar | action=commit
2025-06-24 20:13:00 | WARN | repo=2017-course-sys-int-activemq-seminar | action=commit
2025-12-04 15:36:00 | INFO | repo=2017-course-sys-int-activemq-seminar | action=commit
